CBC Input Files Diagnostic Log
==================================================


File: RAC2401-DM03-A.csv
Size: 763,177 bytes

Error reading file: Expected 37 fields in line 4, saw 38

==================================================

File: RAC2401-DM03-CANC.csv
Size: 42,761 bytes

Column Names:
campaign, campaign_name, campaign_type, cell, cell_name, promo_channel, creative_version, ihd, individual_id, first_name, last_name, ocr, addressline_1, addressline_2, city, state, zip, zip4, store_id, store_addressline_1, store_addressline_2, store_city, store_state, store_zip, store_phone_number, store_license, dma_name, custom_01, custom_02, custom_03, custom_04, custom_05, custom_06, custom_07, custom_08, custom_09, custom_10

Version Column (creative_version) First 5 Values:
RAC2401-DM03-CANC
RAC2401-DM03-CANC
RAC2401-DM03-CANC
RAC2401-DM03-CANC
RAC2401-DM03-CANC

==================================================

File: RAC2401-DM03-PR.csv
Size: 7,673 bytes

Error reading file: Expected 37 fields in line 6, saw 38

==================================================

File: RAC2404-DM07-CBC2-A.csv
Size: 869,367 bytes

Column Names:
campaign, campaign_name, campaign_type, cell, cell_name, promo_channel, creative_version, ihd, individual_id, first_name, last_name, ocr, addressline_1, addressline_2, city, state, zip, zip4, store_id, store_addressline_1, store_addressline_2, store_city, store_state, store_zip, store_phone_number, store_license, dma_name, custom_01, custom_02, custom_03, custom_04, custom_05, custom_06, custom_07, custom_08, custom_09, custom_10

Version Column (creative_version) First 5 Values:
RAC2404-DM07-CBC2-A
RAC2404-DM07-CBC2-A
RAC2404-DM07-CBC2-A
RAC2404-DM07-CBC2-A
RAC2404-DM07-CBC2-A

==================================================

File: RAC2404-DM07-CBC2-CANC.csv
Size: 58,228 bytes

Column Names:
campaign, campaign_name, campaign_type, cell, cell_name, promo_channel, creative_version, ihd, individual_id, first_name, last_name, ocr, addressline_1, addressline_2, city, state, zip, zip4, store_id, store_addressline_1, store_addressline_2, store_city, store_state, store_zip, store_phone_number, store_license, dma_name, custom_01, custom_02, custom_03, custom_04, custom_05, custom_06, custom_07, custom_08, custom_09, custom_10

Version Column (creative_version) First 5 Values:
RAC2404-DM07-CBC2-CANC
RAC2404-DM07-CBC2-CANC
RAC2404-DM07-CBC2-CANC
RAC2404-DM07-CBC2-CANC
RAC2404-DM07-CBC2-CANC

==================================================

File: RAC2404-DM07-CBC2-PR.csv
Size: 8,781 bytes

Error reading file: Expected 37 fields in line 3, saw 38

==================================================

File: RACR_201209_DM001 2025-03-07.txt
Size: 262,623 bytes

Column Names:
campaign, campaign_name, campaign_type, cell, cell_name, promo_channel, creative_version, ihd, individual_id, first_name, last_name, ocr, addressline_1, addressline_2, city, state, zip, zip4, store_id, store_addressline_1, store_addressline_2, store_city, store_state, store_zip, store_phone_number, store_license, dma_name, custom_01, custom_02, custom_03, custom_04, custom_05, custom_06, custom_07, custom_08, custom_09, custom_10

Version Column (creative_version) First 5 Values:
RAC2401-DM03-A
RAC2401-DM03-A
RAC2401-DM03-A
RAC2401-DM03-A
RAC2401-DM03-A

==================================================

File: RACR_201209_DM001_HHG_RB_032425.txt
Size: 849,325 bytes

Column Names:
"Campaign_Cd", "Campaign_Name", "Campaign_Type_Cd", "Cell_Cd", "Cell_Name", "Channel_Cd", "Creative_Version_Cd", "Campaign_Deployment_Dt", "Individual_Id", "First_Name", "Last_Name", "OCR", "AddressLine_1", "AddressLIne_2", "City", "State_Cd", "Postal_Cd", "Zip4", "Store_Id", "Store_AddressLine_1", "Store_AddressLine_2", "Store_City", "Store_State_Cd", "Store_Postal_Cd", "Store_Phone_Number", "Store_License", "DMA_Name", "CUSTOM_01", "CUSTOM_02", "CUSTOM_03", "CUSTOM_04", "CUSTOM_05", "CUSTOM_06", "CUSTOM_07", "CUSTOM_08", "CUSTOM_09", "CUSTOM_10"

Version Column ("Creative_Version_Cd") First 5 Values:
"RAC2401-DM03-CANC"
"RAC2401-DM03-A"
"RAC2401-DM03-CANC"
"RAC2401-DM03-A"
"RAC2401-DM03-A"

==================================================

File: RACR_202404_DM001_HHG_RB_032425.txt
Size: 956,682 bytes

Column Names:
"Campaign_Cd", "Campaign_Name", "Campaign_Type_Cd", "Cell_Cd", "Cell_Name", "Channel_Cd", "Creative_Version_Cd", "Campaign_Deployment_Dt", "Individual_Id", "First_Name", "Last_Name", "OCR", "AddressLine_1", "AddressLIne_2", "City", "State_Cd", "Postal_Cd", "Zip4", "Store_Id", "Store_AddressLine_1", "Store_AddressLine_2", "Store_City", "Store_State_Cd", "Store_Postal_Cd", "Store_Phone_Number", "Store_License", "DMA_Name", "CUSTOM_01", "CUSTOM_02", "CUSTOM_03", "CUSTOM_04", "CUSTOM_05", "CUSTOM_06", "CUSTOM_07", "CUSTOM_08", "CUSTOM_09", "CUSTOM_10"

Version Column ("Creative_Version_Cd") First 5 Values:
"RAC2404-DM07-CBC2-A"
"RAC2404-DM07-CBC2-A"
"RAC2404-DM07-CBC2-A"
"RAC2404-DM07-CBC2-A"
"RAC2404-DM07-CBC2-A"

==================================================
